### ISSUE TITLE
BUGFIX: Wierd, semi-reproducible crash on attach in Win10x64

### ISSUE THREAD

**Issue by CreateRemoteThread** [CreateRemoteThread/doxastica#20]
From Windbg, test executable is Notepad++:

 welcome to doxastica [v0p2 anarchy's heart]
INITFINISHED [ERR] read failed, gle=109
 - IPC Server Instance created
(1da4.14d4): Security check failure or stack buffer overrun - code c0000409 (!!! second chance !!!)
eax=00000001 ebx=000002f4 ecx=00000007 edx=000001de esi=6c2a2a70 edi=6c2a2a70
eip=6c398b88 esp=034be648 ebp=034be658 iopl=0         nv up ei pl nz na po nc
cs=0023  ss=002b  ds=002b  es=002b  fs=0053  gs=002b             efl=00000202
6c398b88 cd29            int     29h
0:001> ui
        ^ Unknown ui command 'ui'
0:001> u 
6c398b88 cd29            int     29h
6c398b8a 6a01            push    1
6c398b8c 6815000040      push    40000015h
6c398b91 6a03            push    3
6c398b93 e8c4a70000      call    6c3a335c
6c398b98 83c40c          add     esp,0Ch
6c398b9b 6a03            push    3
6c398b9d e8165e0000      call    6c39e9b8
